20:05:48 **** Rebuild of configuration Debug for project primer clase ****
Info: Internal Builder is used for build
gcc -O0 -g3 -Wall -c -fmessage-length=0 -o "src\\hola mundo.o" "..\\src\\hola mundo.c" 
..\src\hola mundo.c: In function 'main':
..\src\hola mundo.c:27:26: warning: format '%d' expects argument of type 'int *', but argument 2 has type 'int' [-Wformat=]
   27 |  resultadoScan = scanf("%d", numeroUno);
      |                         ~^   ~~~~~~~~~
      |                          |   |
      |                          |   int
      |                          int *
..\src\hola mundo.c:30:10: warning: format '%d' expects argument of type 'int *', but argument 2 has type 'int' [-Wformat=]
   30 |  scanf("%d", numeroDos);
      |         ~^   ~~~~~~~~~
      |          |   |
      |          |   int
      |          int *
..\src\hola mundo.c:32:9: warning: passing argument 1 of 'printf' makes pointer from integer without a cast [-Wint-conversion]
   32 |  printf(resultadoScan);
      |         ^~~~~~~~~~~~~
      |         |
      |         int
In file included from ..\src\hola mundo.c:11:
c:\mingw\include\stdio.h:462:46: note: expected 'const char *' but argument is of type 'int'
  462 | _CRTIMP __cdecl __MINGW_NOTHROW  int printf (const char *, ...);
      |                                              ^~~~~~~~~~~~
..\src\hola mundo.c:18:6: warning: unused variable 'resultado' [-Wunused-variable]
   18 |  int resultado;
      |      ^~~~~~~~~
..\src\hola mundo.c:27:18: warning: 'numeroUno' is used uninitialized in this function [-Wuninitialized]
   27 |  resultadoScan = scanf("%d", numeroUno);
      |                  ^~~~~~~~~~~~~~~~~~~~~~
..\src\hola mundo.c:30:2: warning: 'numeroDos' is used uninitialized in this function [-Wuninitialized]
   30 |  scanf("%d", numeroDos);
      |  ^~~~~~~~~~~~~~~~~~~~~~
gcc -o "primer clase.exe" "src\\hola mundo.o" 

20:05:49 Build Finished. 0 errors, 6 warnings. (took 840ms)

